<?xml version="1.0" encoding="UTF-8"?>
<!-- Generated by org.testng.reporters.JUnitReportReporter -->
<testsuite hostname="Vishnu" failures="0" tests="2" name="com.sgtesting.assertions.AssertEqualsDemo" time="0.025" errors="0" timestamp="2023-03-28T15:55:13 IST" skipped="1">
  <testcase classname="com.sgtesting.assertions.AssertEqualsDemo" name="assertNotEqualsTesting" time="0.025"/>
  <system-out/>
  <testcase classname="com.sgtesting.assertions.AssertEqualsDemo" name="assertEqualsTesting">
    <skipped/>
  </testcase> <!-- assertEqualsTesting -->
  <system-out/>
</testsuite> <!-- com.sgtesting.assertions.AssertEqualsDemo -->
